\BOOKMARK [0][-]{chapter.1}{\376\377\000D\000o\000k\000u\000m\000e\000n}{}% 1
\BOOKMARK [1][-]{section.1.1}{\376\377\000M\000V\000P}{chapter.1}% 2
\BOOKMARK [1][-]{section.1.2}{\376\377\000B\000i\000s\000r\000e\000q}{chapter.1}% 3
\BOOKMARK [1][-]{section.1.3}{\376\377\000U\000s\000e\000\040\000C\000a\000s\000e}{chapter.1}% 4
\BOOKMARK [2][-]{subsection.1.3.1}{\376\377\000S\000u\000b\000s\000y\000s\000t\000e\000m\000:\000\040\000M\000a\000n\000a\000j\000e\000r\000i\000a\000l}{section.1.3}% 5
\BOOKMARK [2][-]{subsection.1.3.2}{\376\377\000S\000u\000b\000s\000y\000s\000t\000e\000m\000:\000\040\000L\000o\000g\000i\000n\000\040\000d\000a\000n\000\040\000U\000s\000e\000r\000\040\000M\000a\000n\000a\000g\000e\000m\000e\000n\000t}{section.1.3}% 6
\BOOKMARK [2][-]{subsection.1.3.3}{\376\377\000S\000u\000b\000s\000y\000s\000t\000e\000m\000:\000\040\000S\000i\000s\000t\000e\000m\000\040\000I\000n\000f\000o\000r\000m\000a\000s\000i}{section.1.3}% 7
\BOOKMARK [1][-]{section.1.4}{\376\377\000A\000c\000t\000i\000v\000i\000t\000y\000\040\000D\000i\000a\000g\000r\000a\000m}{chapter.1}% 8
\BOOKMARK [2][-]{subsection.1.4.1}{\376\377\000A\000c\000t\000i\000v\000i\000t\000y\000\040\000D\000i\000a\000g\000r\000a\000m\000\040\000C\000h\000a\000t}{section.1.4}% 9
\BOOKMARK [2][-]{subsection.1.4.2}{\376\377\000A\000c\000t\000i\000v\000i\000t\000y\000\040\000D\000i\000a\000g\000r\000a\000m\000\040\000D\000o\000s\000e\000n}{section.1.4}% 10
\BOOKMARK [2][-]{subsection.1.4.3}{\376\377\000A\000c\000t\000i\000v\000i\000t\000y\000\040\000D\000i\000a\000g\000r\000a\000m\000\040\000K\000e\000l\000a\000s}{section.1.4}% 11
\BOOKMARK [2][-]{subsection.1.4.4}{\376\377\000A\000c\000t\000i\000v\000i\000t\000y\000\040\000D\000i\000a\000g\000r\000a\000m\000\040\000L\000o\000g\000i\000n}{section.1.4}% 12
\BOOKMARK [2][-]{subsection.1.4.5}{\376\377\000A\000c\000t\000i\000v\000i\000t\000y\000\040\000D\000i\000a\000g\000r\000a\000m\000\040\000M\000a\000h\000a\000s\000i\000s\000w\000a\000\040\000B\000a\000r\000u}{section.1.4}% 13
\BOOKMARK [2][-]{subsection.1.4.6}{\376\377\000A\000c\000t\000i\000v\000i\000t\000y\000\040\000D\000i\000a\000g\000r\000a\000m\000\040\000M\000a\000t\000a\000\040\000K\000u\000l\000i\000a\000h}{section.1.4}% 14
\BOOKMARK [2][-]{subsection.1.4.7}{\376\377\000A\000c\000t\000i\000v\000i\000t\000y\000\040\000D\000i\000a\000g\000r\000a\000m\000\040\000N\000i\000l\000a\000i\000\040\000A\000k\000h\000i\000r}{section.1.4}% 15
\BOOKMARK [2][-]{subsection.1.4.8}{\376\377\000A\000c\000t\000i\000v\000i\000t\000y\000\040\000D\000i\000a\000g\000r\000a\000m\000\040\000P\000e\000n\000g\000u\000m\000u\000m\000a\000n}{section.1.4}% 16
\BOOKMARK [2][-]{subsection.1.4.9}{\376\377\000A\000c\000t\000i\000v\000i\000t\000y\000\040\000D\000i\000a\000g\000r\000a\000m\000\040\000P\000r\000e\000s\000e\000n\000s\000i}{section.1.4}% 17
\BOOKMARK [2][-]{subsection.1.4.10}{\376\377\000A\000c\000t\000i\000v\000i\000t\000y\000\040\000D\000i\000a\000g\000r\000a\000m\000\040\000S\000c\000a\000n\000\040\000P\000r\000e\000s\000e\000n\000s\000i}{section.1.4}% 18
\BOOKMARK [2][-]{subsection.1.4.11}{\376\377\000A\000c\000t\000i\000v\000i\000t\000y\000\040\000D\000i\000a\000g\000r\000a\000m\000\040\000T\000a\000m\000b\000a\000h\000\040\000A\000k\000u\000n\000\040\000M\000a\000n\000a\000j\000e\000r}{section.1.4}% 19
\BOOKMARK [2][-]{subsection.1.4.12}{\376\377\000A\000c\000t\000i\000v\000i\000t\000y\000\040\000D\000i\000a\000g\000r\000a\000m\000\040\000U\000s\000e\000r\000\040\000M\000a\000n\000a\000j\000e\000m\000e\000n}{section.1.4}% 20
\BOOKMARK [1][-]{section.1.5}{\376\377\000E\000R\000D}{chapter.1}% 21
\BOOKMARK [1][-]{section.1.6}{\376\377\000W\000i\000r\000e\000f\000r\000a\000m\000e}{chapter.1}% 22
\BOOKMARK [0][-]{chapter.2}{\376\377\000P\000r\000o\000g\000r\000e\000s\000s}{}% 23
\BOOKMARK [1][-]{section.2.1}{\376\377\000S\000l\000i\000c\000i\000n\000g}{chapter.2}% 24
\BOOKMARK [1][-]{section.2.2}{\376\377\000D\000o\000k\000u\000m\000e\000n\000t\000a\000s\000i\000\040\000A\000P\000I}{chapter.2}% 25
